loading app controllers/test_rl_controller.py
loading app ryu.controller.ofp_handler
instantiating app controllers/test_rl_controller.py of TestRLController
=== [RL-SYSTEM] Controller Started (DDPG Routing) ===
instantiating app ryu.controller.ofp_handler of OFPHandler
BRICK TestRLController
  CONSUMES EventOFPPacketIn
  CONSUMES EventOFPSwitchFeatures
BRICK ofp_event
  PROVIDES EventOFPPacketIn TO {'TestRLController': {'main'}}
  PROVIDES EventOFPSwitchFeatures TO {'TestRLController': {'config'}}
  CONSUMES EventOFPEchoReply
  CONSUMES EventOFPEchoRequest
  CONSUMES EventOFPErrorMsg
  CONSUMES EventOFPHello
  CONSUMES EventOFPPortDescStatsReply
  CONSUMES EventOFPPortStatus
  CONSUMES EventOFPSwitchFeatures
connected socket:<eventlet.greenio.base.GreenSocket object at 0x71c170648b20> address:('127.0.0.1', 57374)
hello ev <ryu.controller.ofp_event.EventOFPHello object at 0x71c17066a2b0>
move onto config mode
connected socket:<eventlet.greenio.base.GreenSocket object at 0x71c170648d00> address:('127.0.0.1', 57390)
hello ev <ryu.controller.ofp_event.EventOFPHello object at 0x71c17066ac40>
move onto config mode
connected socket:<eventlet.greenio.base.GreenSocket object at 0x71c17066a460> address:('127.0.0.1', 57394)
hello ev <ryu.controller.ofp_event.EventOFPHello object at 0x71c170677400>
move onto config mode
connected socket:<eventlet.greenio.base.GreenSocket object at 0x71c17066a580> address:('127.0.0.1', 57400)
hello ev <ryu.controller.ofp_event.EventOFPHello object at 0x71c170677b50>
move onto config mode
EVENT ofp_event->TestRLController EventOFPSwitchFeatures
switch features ev version=0x4,msg_type=0x6,msg_len=0x20,xid=0x671607b4,OFPSwitchFeatures(auxiliary_id=0,capabilities=79,datapath_id=4,n_buffers=0,n_tables=254)
[NetworkGraph] Switch added: 4
[NetworkGraph] Switch added: 4
EVENT ofp_event->TestRLController EventOFPSwitchFeatures
switch features ev version=0x4,msg_type=0x6,msg_len=0x20,xid=0x4703922,OFPSwitchFeatures(auxiliary_id=0,capabilities=79,datapath_id=2,n_buffers=0,n_tables=254)
EVENT ofp_event->TestRLController EventOFPSwitchFeatures
switch features ev version=0x4,msg_type=0x6,msg_len=0x20,xid=0x6dc6d9c9,OFPSwitchFeatures(auxiliary_id=0,capabilities=79,datapath_id=1,n_buffers=0,n_tables=254)
EVENT ofp_event->TestRLController EventOFPSwitchFeatures
switch features ev version=0x4,msg_type=0x6,msg_len=0x20,xid=0x929cb957,OFPSwitchFeatures(auxiliary_id=0,capabilities=79,datapath_id=3,n_buffers=0,n_tables=254)
[NetworkGraph] Switch added: 2
[NetworkGraph] Switch added: 2
[NetworkGraph] Switch added: 1
[NetworkGraph] Switch added: 1
[NetworkGraph] Switch added: 3
[NetworkGraph] Switch added: 3
move onto main mode
move onto main mode
move onto main mode
move onto main mode
EVENT ofp_event->TestRLController EventOFPPacketIn
[HostDiscovery] d6:b4:51:6f:39:5f @ switch=1 port=2
EVENT ofp_event->TestRLController EventOFPPacketIn
[HostDiscovery] ce:e9:d0:da:bb:b8 @ switch=3 port=2
EVENT ofp_event->TestRLController EventOFPPacketIn
EVENT ofp_event->TestRLController EventOFPPacketIn
[HostDiscovery] a6:a2:ad:c1:86:53 @ switch=2 port=2
EVENT ofp_event->TestRLController EventOFPPacketIn
EVENT ofp_event->TestRLController EventOFPPacketIn
EVENT ofp_event->TestRLController EventOFPPacketIn
[HostDiscovery] c6:a8:ea:6f:5a:9b @ switch=4 port=2
EVENT ofp_event->TestRLController EventOFPPacketIn
[HostDiscovery] a6:a3:e6:95:6b:4e @ switch=2 port=3
EVENT ofp_event->TestRLController EventOFPPacketIn
EVENT ofp_event->TestRLController EventOFPPacketIn
[HostDiscovery] d6:30:c4:fd:49:37 @ switch=3 port=3
EVENT ofp_event->TestRLController EventOFPPacketIn
EVENT ofp_event->TestRLController EventOFPPacketIn
EVENT ofp_event->TestRLController EventOFPPacketIn
EVENT ofp_event->TestRLController EventOFPPacketIn
[HostDiscovery] 00:00:00:00:00:03 @ switch=3 port=1
EVENT ofp_event->TestRLController EventOFPPacketIn
EVENT ofp_event->TestRLController EventOFPPacketIn
EVENT ofp_event->TestRLController EventOFPPacketIn
EVENT ofp_event->TestRLController EventOFPPacketIn
EVENT ofp_event->TestRLController EventOFPPacketIn
EVENT ofp_event->TestRLController EventOFPPacketIn
EVENT ofp_event->TestRLController EventOFPPacketIn
EVENT ofp_event->TestRLController EventOFPPacketIn
[HostDiscovery] 00:00:00:00:00:02 @ switch=2 port=1
[HostDiscovery] 00:00:00:00:00:01 @ switch=1 port=1
EVENT ofp_event->TestRLController EventOFPPacketIn
EVENT ofp_event->TestRLController EventOFPPacketIn
EVENT ofp_event->TestRLController EventOFPPacketIn
EVENT ofp_event->TestRLController EventOFPPacketIn
EVENT ofp_event->TestRLController EventOFPPacketIn
EVENT ofp_event->TestRLController EventOFPPacketIn
EVENT ofp_event->TestRLController EventOFPPacketIn
EVENT ofp_event->TestRLController EventOFPPacketIn
EVENT ofp_event->TestRLController EventOFPPacketIn
EVENT ofp_event->TestRLController EventOFPPacketIn
[HostDiscovery] 00:00:00:00:00:04 @ switch=4 port=1
EVENT ofp_event->TestRLController EventOFPPacketIn
EVENT ofp_event->TestRLController EventOFPPacketIn
EVENT ofp_event->TestRLController EventOFPPacketIn
EVENT ofp_event->TestRLController EventOFPPacketIn
EVENT ofp_event->TestRLController EventOFPPacketIn
EVENT ofp_event->TestRLController EventOFPPacketIn
EVENT ofp_event->TestRLController EventOFPPacketIn
EVENT ofp_event->TestRLController EventOFPPacketIn
EVENT ofp_event->TestRLController EventOFPPacketIn
EVENT ofp_event->TestRLController EventOFPPacketIn
EVENT ofp_event->TestRLController EventOFPPacketIn
EVENT ofp_event->TestRLController EventOFPPacketIn
EVENT ofp_event->TestRLController EventOFPPacketIn
EVENT ofp_event->TestRLController EventOFPPacketIn
EVENT ofp_event->TestRLController EventOFPPacketIn
EVENT ofp_event->TestRLController EventOFPPacketIn
EVENT ofp_event->TestRLController EventOFPPacketIn
EVENT ofp_event->TestRLController EventOFPPacketIn
EVENT ofp_event->TestRLController EventOFPPacketIn
EVENT ofp_event->TestRLController EventOFPPacketIn
EVENT ofp_event->TestRLController EventOFPPacketIn
EVENT ofp_event->TestRLController EventOFPPacketIn
EVENT ofp_event->TestRLController EventOFPPacketIn
EVENT ofp_event->TestRLController EventOFPPacketIn
EVENT ofp_event->TestRLController EventOFPPacketIn
EVENT ofp_event->TestRLController EventOFPPacketIn
EVENT ofp_event->TestRLController EventOFPPacketIn
EVENT ofp_event->TestRLController EventOFPPacketIn
EVENT ofp_event->TestRLController EventOFPPacketIn
EVENT ofp_event->TestRLController EventOFPPacketIn
EVENT ofp_event->TestRLController EventOFPPacketIn
EVENT ofp_event->TestRLController EventOFPPacketIn
EVENT ofp_event->TestRLController EventOFPPacketIn
EVENT ofp_event->TestRLController EventOFPPacketIn
EVENT ofp_event->TestRLController EventOFPPacketIn
EVENT ofp_event->TestRLController EventOFPPacketIn
EVENT ofp_event->TestRLController EventOFPPacketIn
EVENT ofp_event->TestRLController EventOFPPacketIn
EVENT ofp_event->TestRLController EventOFPPacketIn
EVENT ofp_event->TestRLController EventOFPPacketIn
EVENT ofp_event->TestRLController EventOFPPacketIn
EVENT ofp_event->TestRLController EventOFPPacketIn
EVENT ofp_event->TestRLController EventOFPPacketIn
EVENT ofp_event->TestRLController EventOFPPacketIn
EVENT ofp_event->TestRLController EventOFPPacketIn
EVENT ofp_event->TestRLController EventOFPPacketIn
EVENT ofp_event->TestRLController EventOFPPacketIn
EVENT ofp_event->TestRLController EventOFPPacketIn
EVENT ofp_event->TestRLController EventOFPPacketIn
EVENT ofp_event->TestRLController EventOFPPacketIn
EVENT ofp_event->TestRLController EventOFPPacketIn
EVENT ofp_event->TestRLController EventOFPPacketIn
EVENT ofp_event->TestRLController EventOFPPacketIn
EVENT ofp_event->TestRLController EventOFPPacketIn
EVENT ofp_event->TestRLController EventOFPPacketIn
EVENT ofp_event->TestRLController EventOFPPacketIn
EVENT ofp_event->TestRLController EventOFPPacketIn
EVENT ofp_event->TestRLController EventOFPPacketIn
EVENT ofp_event->TestRLController EventOFPPacketIn
EVENT ofp_event->TestRLController EventOFPPacketIn
EVENT ofp_event->TestRLController EventOFPPacketIn
EVENT ofp_event->TestRLController EventOFPPacketIn
EVENT ofp_event->TestRLController EventOFPPacketIn
EVENT ofp_event->TestRLController EventOFPPacketIn
EVENT ofp_event->TestRLController EventOFPPacketIn
EVENT ofp_event->TestRLController EventOFPPacketIn
EVENT ofp_event->TestRLController EventOFPPacketIn
EVENT ofp_event->TestRLController EventOFPPacketIn
EVENT ofp_event->TestRLController EventOFPPacketIn
EVENT ofp_event->TestRLController EventOFPPacketIn
EVENT ofp_event->TestRLController EventOFPPacketIn
EVENT ofp_event->TestRLController EventOFPPacketIn
EVENT ofp_event->TestRLController EventOFPPacketIn
EVENT ofp_event->TestRLController EventOFPPacketIn
EVENT ofp_event->TestRLController EventOFPPacketIn
EVENT ofp_event->TestRLController EventOFPPacketIn
EVENT ofp_event->TestRLController EventOFPPacketIn
EVENT ofp_event->TestRLController EventOFPPacketIn
EVENT ofp_event->TestRLController EventOFPPacketIn
EVENT ofp_event->TestRLController EventOFPPacketIn
EVENT ofp_event->TestRLController EventOFPPacketIn
EVENT ofp_event->TestRLController EventOFPPacketIn
EVENT ofp_event->TestRLController EventOFPPacketIn
EVENT ofp_event->TestRLController EventOFPPacketIn
EVENT ofp_event->TestRLController EventOFPPacketIn
EVENT ofp_event->TestRLController EventOFPPacketIn
EVENT ofp_event->TestRLController EventOFPPacketIn
EVENT ofp_event->TestRLController EventOFPPacketIn
EVENT ofp_event->TestRLController EventOFPPacketIn
EVENT ofp_event->TestRLController EventOFPPacketIn
EVENT ofp_event->TestRLController EventOFPPacketIn
EVENT ofp_event->TestRLController EventOFPPacketIn
EVENT ofp_event->TestRLController EventOFPPacketIn
EVENT ofp_event->TestRLController EventOFPPacketIn
EVENT ofp_event->TestRLController EventOFPPacketIn
EVENT ofp_event->TestRLController EventOFPPacketIn
EVENT ofp_event->TestRLController EventOFPPacketIn
EVENT ofp_event->TestRLController EventOFPPacketIn
EVENT ofp_event->TestRLController EventOFPPacketIn
EVENT ofp_event->TestRLController EventOFPPacketIn
EVENT ofp_event->TestRLController EventOFPPacketIn
EVENT ofp_event->TestRLController EventOFPPacketIn
EVENT ofp_event->TestRLController EventOFPPacketIn
EVENT ofp_event->TestRLController EventOFPPacketIn
EVENT ofp_event->TestRLController EventOFPPacketIn
EVENT ofp_event->TestRLController EventOFPPacketIn
EVENT ofp_event->TestRLController EventOFPPacketIn
EVENT ofp_event->TestRLController EventOFPPacketIn
EVENT ofp_event->TestRLController EventOFPPacketIn
EVENT ofp_event->TestRLController EventOFPPacketIn
EVENT ofp_event->TestRLController EventOFPPacketIn
EVENT ofp_event->TestRLController EventOFPPacketIn
EVENT ofp_event->TestRLController EventOFPPacketIn
EVENT ofp_event->TestRLController EventOFPPacketIn
EVENT ofp_event->TestRLController EventOFPPacketIn
EVENT ofp_event->TestRLController EventOFPPacketIn
EVENT ofp_event->TestRLController EventOFPPacketIn
EVENT ofp_event->TestRLController EventOFPPacketIn
EVENT ofp_event->TestRLController EventOFPPacketIn
EVENT ofp_event->TestRLController EventOFPPacketIn
EVENT ofp_event->TestRLController EventOFPPacketIn
EVENT ofp_event->TestRLController EventOFPPacketIn
EVENT ofp_event->TestRLController EventOFPPacketIn
EVENT ofp_event->TestRLController EventOFPPacketIn
EVENT ofp_event->TestRLController EventOFPPacketIn
EVENT ofp_event->TestRLController EventOFPPacketIn
EVENT ofp_event->TestRLController EventOFPPacketIn
EVENT ofp_event->TestRLController EventOFPPacketIn
EVENT ofp_event->TestRLController EventOFPPacketIn
EVENT ofp_event->TestRLController EventOFPPacketIn
EVENT ofp_event->TestRLController EventOFPPacketIn
EVENT ofp_event->TestRLController EventOFPPacketIn
EVENT ofp_event->TestRLController EventOFPPacketIn
EVENT ofp_event->TestRLController EventOFPPacketIn
EVENT ofp_event->TestRLController EventOFPPacketIn
EVENT ofp_event->TestRLController EventOFPPacketIn
EVENT ofp_event->TestRLController EventOFPPacketIn
EVENT ofp_event->TestRLController EventOFPPacketIn
EVENT ofp_event->TestRLController EventOFPPacketIn
EVENT ofp_event->TestRLController EventOFPPacketIn
EVENT ofp_event->TestRLController EventOFPPacketIn
EVENT ofp_event->TestRLController EventOFPPacketIn
EVENT ofp_event->TestRLController EventOFPPacketIn
EVENT ofp_event->TestRLController EventOFPPacketIn
EVENT ofp_event->TestRLController EventOFPPacketIn
EVENT ofp_event->TestRLController EventOFPPacketIn
EVENT ofp_event->TestRLController EventOFPPacketIn
EVENT ofp_event->TestRLController EventOFPPacketIn
EVENT ofp_event->TestRLController EventOFPPacketIn
EVENT ofp_event->TestRLController EventOFPPacketIn
EVENT ofp_event->TestRLController EventOFPPacketIn
EVENT ofp_event->TestRLController EventOFPPacketIn
EVENT ofp_event->TestRLController EventOFPPacketIn
EVENT ofp_event->TestRLController EventOFPPacketIn
EVENT ofp_event->TestRLController EventOFPPacketIn
EVENT ofp_event->TestRLController EventOFPPacketIn
EVENT ofp_event->TestRLController EventOFPPacketIn
EVENT ofp_event->TestRLController EventOFPPacketIn
EVENT ofp_event->TestRLController EventOFPPacketIn
EVENT ofp_event->TestRLController EventOFPPacketIn
EVENT ofp_event->TestRLController EventOFPPacketIn
EVENT ofp_event->TestRLController EventOFPPacketIn
EVENT ofp_event->TestRLController EventOFPPacketIn
EVENT ofp_event->TestRLController EventOFPPacketIn
EVENT ofp_event->TestRLController EventOFPPacketIn
EVENT ofp_event->TestRLController EventOFPPacketIn
EVENT ofp_event->TestRLController EventOFPPacketIn
EVENT ofp_event->TestRLController EventOFPPacketIn
EVENT ofp_event->TestRLController EventOFPPacketIn
EVENT ofp_event->TestRLController EventOFPPacketIn
EVENT ofp_event->TestRLController EventOFPPacketIn
EVENT ofp_event->TestRLController EventOFPPacketIn
EVENT ofp_event->TestRLController EventOFPPacketIn
EVENT ofp_event->TestRLController EventOFPPacketIn
EVENT ofp_event->TestRLController EventOFPPacketIn
EVENT ofp_event->TestRLController EventOFPPacketIn
EVENT ofp_event->TestRLController EventOFPPacketIn
EVENT ofp_event->TestRLController EventOFPPacketIn
EVENT ofp_event->TestRLController EventOFPPacketIn
EVENT ofp_event->TestRLController EventOFPPacketIn
EVENT ofp_event->TestRLController EventOFPPacketIn
EVENT ofp_event->TestRLController EventOFPPacketIn
EVENT ofp_event->TestRLController EventOFPPacketIn
EVENT ofp_event->TestRLController EventOFPPacketIn
EVENT ofp_event->TestRLController EventOFPPacketIn
EVENT ofp_event->TestRLController EventOFPPacketIn
EVENT ofp_event->TestRLController EventOFPPacketIn
EVENT ofp_event->TestRLController EventOFPPacketIn
EVENT ofp_event->TestRLController EventOFPPacketIn
EVENT ofp_event->TestRLController EventOFPPacketIn
EVENT ofp_event->TestRLController EventOFPPacketIn
EVENT ofp_event->TestRLController EventOFPPacketIn
EVENT ofp_event->TestRLController EventOFPPacketIn
EVENT ofp_event->TestRLController EventOFPPacketIn
EVENT ofp_event->TestRLController EventOFPPacketIn
EVENT ofp_event->TestRLController EventOFPPacketIn
EVENT ofp_event->TestRLController EventOFPPacketIn
EVENT ofp_event->TestRLController EventOFPPacketIn
EVENT ofp_event->TestRLController EventOFPPacketIn
EVENT ofp_event->TestRLController EventOFPPacketIn
EVENT ofp_event->TestRLController EventOFPPacketIn
EVENT ofp_event->TestRLController EventOFPPacketIn
EVENT ofp_event->TestRLController EventOFPPacketIn
EVENT ofp_event->TestRLController EventOFPPacketIn
EVENT ofp_event->TestRLController EventOFPPacketIn
EVENT ofp_event->TestRLController EventOFPPacketIn
EVENT ofp_event->TestRLController EventOFPPacketIn
EVENT ofp_event->TestRLController EventOFPPacketIn
EVENT ofp_event->TestRLController EventOFPPacketIn
EVENT ofp_event->TestRLController EventOFPPacketIn
EVENT ofp_event->TestRLController EventOFPPacketIn
EVENT ofp_event->TestRLController EventOFPPacketIn
EVENT ofp_event->TestRLController EventOFPPacketIn
EVENT ofp_event->TestRLController EventOFPPacketIn
EVENT ofp_event->TestRLController EventOFPPacketIn
EVENT ofp_event->TestRLController EventOFPPacketIn
EVENT ofp_event->TestRLController EventOFPPacketIn
EVENT ofp_event->TestRLController EventOFPPacketIn
EVENT ofp_event->TestRLController EventOFPPacketIn
EVENT ofp_event->TestRLController EventOFPPacketIn
EVENT ofp_event->TestRLController EventOFPPacketIn
EVENT ofp_event->TestRLController EventOFPPacketIn
EVENT ofp_event->TestRLController EventOFPPacketIn
EVENT ofp_event->TestRLController EventOFPPacketIn
EVENT ofp_event->TestRLController EventOFPPacketIn
EVENT ofp_event->TestRLController EventOFPPacketIn
EVENT ofp_event->TestRLController EventOFPPacketIn
EVENT ofp_event->TestRLController EventOFPPacketIn
EVENT ofp_event->TestRLController EventOFPPacketIn
EVENT ofp_event->TestRLController EventOFPPacketIn
EVENT ofp_event->TestRLController EventOFPPacketIn
EVENT ofp_event->TestRLController EventOFPPacketIn
EVENT ofp_event->TestRLController EventOFPPacketIn
EVENT ofp_event->TestRLController EventOFPPacketIn
EVENT ofp_event->TestRLController EventOFPPacketIn
EVENT ofp_event->TestRLController EventOFPPacketIn
EVENT ofp_event->TestRLController EventOFPPacketIn
EVENT ofp_event->TestRLController EventOFPPacketIn
EVENT ofp_event->TestRLController EventOFPPacketIn
EVENT ofp_event->TestRLController EventOFPPacketIn
EVENT ofp_event->TestRLController EventOFPPacketIn
EVENT ofp_event->TestRLController EventOFPPacketIn
EVENT ofp_event->TestRLController EventOFPPacketIn
EVENT ofp_event->TestRLController EventOFPPacketIn
EVENT ofp_event->TestRLController EventOFPPacketIn
EVENT ofp_event->TestRLController EventOFPPacketIn
EVENT ofp_event->TestRLController EventOFPPacketIn
EVENT ofp_event->TestRLController EventOFPPacketIn
EVENT ofp_event->TestRLController EventOFPPacketIn
EVENT ofp_event->TestRLController EventOFPPacketIn
EVENT ofp_event->TestRLController EventOFPPacketIn
EVENT ofp_event->TestRLController EventOFPPacketIn
EVENT ofp_event->TestRLController EventOFPPacketIn
EVENT ofp_event->TestRLController EventOFPPacketIn
EVENT ofp_event->TestRLController EventOFPPacketIn
EVENT ofp_event->TestRLController EventOFPPacketIn
EVENT ofp_event->TestRLController EventOFPPacketIn
EVENT ofp_event->TestRLController EventOFPPacketIn
EVENT ofp_event->TestRLController EventOFPPacketIn
EVENT ofp_event->TestRLController EventOFPPacketIn
EVENT ofp_event->TestRLController EventOFPPacketIn
EVENT ofp_event->TestRLController EventOFPPacketIn
EVENT ofp_event->TestRLController EventOFPPacketIn
EVENT ofp_event->TestRLController EventOFPPacketIn
EVENT ofp_event->TestRLController EventOFPPacketIn
EVENT ofp_event->TestRLController EventOFPPacketIn
EVENT ofp_event->TestRLController EventOFPPacketIn
EVENT ofp_event->TestRLController EventOFPPacketIn
EVENT ofp_event->TestRLController EventOFPPacketIn
EVENT ofp_event->TestRLController EventOFPPacketIn
EVENT ofp_event->TestRLController EventOFPPacketIn
EVENT ofp_event->TestRLController EventOFPPacketIn
EVENT ofp_event->TestRLController EventOFPPacketIn
EVENT ofp_event->TestRLController EventOFPPacketIn
EVENT ofp_event->TestRLController EventOFPPacketIn
EVENT ofp_event->TestRLController EventOFPPacketIn
EVENT ofp_event->TestRLController EventOFPPacketIn
EVENT ofp_event->TestRLController EventOFPPacketIn
EVENT ofp_event->TestRLController EventOFPPacketIn
EVENT ofp_event->TestRLController EventOFPPacketIn
EVENT ofp_event->TestRLController EventOFPPacketIn
EVENT ofp_event->TestRLController EventOFPPacketIn
EVENT ofp_event->TestRLController EventOFPPacketIn
EVENT ofp_event->TestRLController EventOFPPacketIn
EVENT ofp_event->TestRLController EventOFPPacketIn
EVENT ofp_event->TestRLController EventOFPPacketIn
EVENT ofp_event->TestRLController EventOFPPacketIn
EVENT ofp_event->TestRLController EventOFPPacketIn
EVENT ofp_event->TestRLController EventOFPPacketIn
EVENT ofp_event->TestRLController EventOFPPacketIn
EVENT ofp_event->TestRLController EventOFPPacketIn
EVENT ofp_event->TestRLController EventOFPPacketIn
EVENT ofp_event->TestRLController EventOFPPacketIn
EVENT ofp_event->TestRLController EventOFPPacketIn
EVENT ofp_event->TestRLController EventOFPPacketIn
EVENT ofp_event->TestRLController EventOFPPacketIn
EVENT ofp_event->TestRLController EventOFPPacketIn
EVENT ofp_event->TestRLController EventOFPPacketIn
EVENT ofp_event->TestRLController EventOFPPacketIn
EVENT ofp_event->TestRLController EventOFPPacketIn
EVENT ofp_event->TestRLController EventOFPPacketIn
EVENT ofp_event->TestRLController EventOFPPacketIn
EVENT ofp_event->TestRLController EventOFPPacketIn
EVENT ofp_event->TestRLController EventOFPPacketIn
EVENT ofp_event->TestRLController EventOFPPacketIn
EVENT ofp_event->TestRLController EventOFPPacketIn
EVENT ofp_event->TestRLController EventOFPPacketIn
EVENT ofp_event->TestRLController EventOFPPacketIn
EVENT ofp_event->TestRLController EventOFPPacketIn
EVENT ofp_event->TestRLController EventOFPPacketIn
EVENT ofp_event->TestRLController EventOFPPacketIn
EVENT ofp_event->TestRLController EventOFPPacketIn
EVENT ofp_event->TestRLController EventOFPPacketIn
EVENT ofp_event->TestRLController EventOFPPacketIn
EVENT ofp_event->TestRLController EventOFPPacketIn
EVENT ofp_event->TestRLController EventOFPPacketIn
EVENT ofp_event->TestRLController EventOFPPacketIn
EVENT ofp_event->TestRLController EventOFPPacketIn
EVENT ofp_event->TestRLController EventOFPPacketIn
EVENT ofp_event->TestRLController EventOFPPacketIn
EVENT ofp_event->TestRLController EventOFPPacketIn
EVENT ofp_event->TestRLController EventOFPPacketIn
EVENT ofp_event->TestRLController EventOFPPacketIn
EVENT ofp_event->TestRLController EventOFPPacketIn
EVENT ofp_event->TestRLController EventOFPPacketIn
EVENT ofp_event->TestRLController EventOFPPacketIn
EVENT ofp_event->TestRLController EventOFPPacketIn
EVENT ofp_event->TestRLController EventOFPPacketIn
EVENT ofp_event->TestRLController EventOFPPacketIn
EVENT ofp_event->TestRLController EventOFPPacketIn
EVENT ofp_event->TestRLController EventOFPPacketIn
EVENT ofp_event->TestRLController EventOFPPacketIn
EVENT ofp_event->TestRLController EventOFPPacketIn
EVENT ofp_event->TestRLController EventOFPPacketIn
EVENT ofp_event->TestRLController EventOFPPacketIn
EVENT ofp_event->TestRLController EventOFPPacketIn
EVENT ofp_event->TestRLController EventOFPPacketIn
EVENT ofp_event->TestRLController EventOFPPacketIn
EVENT ofp_event->TestRLController EventOFPPacketIn
EVENT ofp_event->TestRLController EventOFPPacketIn
EVENT ofp_event->TestRLController EventOFPPacketIn
EVENT ofp_event->TestRLController EventOFPPacketIn
EVENT ofp_event->TestRLController EventOFPPacketIn
EVENT ofp_event->TestRLController EventOFPPacketIn
EVENT ofp_event->TestRLController EventOFPPacketIn
EVENT ofp_event->TestRLController EventOFPPacketIn
EVENT ofp_event->TestRLController EventOFPPacketIn
EVENT ofp_event->TestRLController EventOFPPacketIn
EVENT ofp_event->TestRLController EventOFPPacketIn
EVENT ofp_event->TestRLController EventOFPPacketIn
EVENT ofp_event->TestRLController EventOFPPacketIn
EVENT ofp_event->TestRLController EventOFPPacketIn
EVENT ofp_event->TestRLController EventOFPPacketIn
EVENT ofp_event->TestRLController EventOFPPacketIn
EVENT ofp_event->TestRLController EventOFPPacketIn
EVENT ofp_event->TestRLController EventOFPPacketIn
EVENT ofp_event->TestRLController EventOFPPacketIn
EVENT ofp_event->TestRLController EventOFPPacketIn
EVENT ofp_event->TestRLController EventOFPPacketIn
EVENT ofp_event->TestRLController EventOFPPacketIn
EVENT ofp_event->TestRLController EventOFPPacketIn
EVENT ofp_event->TestRLController EventOFPPacketIn
EVENT ofp_event->TestRLController EventOFPPacketIn
EVENT ofp_event->TestRLController EventOFPPacketIn
EVENT ofp_event->TestRLController EventOFPPacketIn
EVENT ofp_event->TestRLController EventOFPPacketIn
EVENT ofp_event->TestRLController EventOFPPacketIn
EVENT ofp_event->TestRLController EventOFPPacketIn
EVENT ofp_event->TestRLController EventOFPPacketIn
EVENT ofp_event->TestRLController EventOFPPacketIn
EVENT ofp_event->TestRLController EventOFPPacketIn
EVENT ofp_event->TestRLController EventOFPPacketIn
EVENT ofp_event->TestRLController EventOFPPacketIn
EVENT ofp_event->TestRLController EventOFPPacketIn
EVENT ofp_event->TestRLController EventOFPPacketIn
EVENT ofp_event->TestRLController EventOFPPacketIn
EVENT ofp_event->TestRLController EventOFPPacketIn
EVENT ofp_event->TestRLController EventOFPPacketIn
EVENT ofp_event->TestRLController EventOFPPacketIn
EVENT ofp_event->TestRLController EventOFPPacketIn
EVENT ofp_event->TestRLController EventOFPPacketIn
EVENT ofp_event->TestRLController EventOFPPacketIn
EVENT ofp_event->TestRLController EventOFPPacketIn
EVENT ofp_event->TestRLController EventOFPPacketIn
EVENT ofp_event->TestRLController EventOFPPacketIn
EVENT ofp_event->TestRLController EventOFPPacketIn
EVENT ofp_event->TestRLController EventOFPPacketIn
EVENT ofp_event->TestRLController EventOFPPacketIn
EVENT ofp_event->TestRLController EventOFPPacketIn
EVENT ofp_event->TestRLController EventOFPPacketIn
EVENT ofp_event->TestRLController EventOFPPacketIn
EVENT ofp_event->TestRLController EventOFPPacketIn
EVENT ofp_event->TestRLController EventOFPPacketIn
EVENT ofp_event->TestRLController EventOFPPacketIn
EVENT ofp_event->TestRLController EventOFPPacketIn
EVENT ofp_event->TestRLController EventOFPPacketIn
EVENT ofp_event->TestRLController EventOFPPacketIn
EVENT ofp_event->TestRLController EventOFPPacketIn
EVENT ofp_event->TestRLController EventOFPPacketIn
EVENT ofp_event->TestRLController EventOFPPacketIn
EVENT ofp_event->TestRLController EventOFPPacketIn
EVENT ofp_event->TestRLController EventOFPPacketIn
EVENT ofp_event->TestRLController EventOFPPacketIn
EVENT ofp_event->TestRLController EventOFPPacketIn
EVENT ofp_event->TestRLController EventOFPPacketIn
EVENT ofp_event->TestRLController EventOFPPacketIn
EVENT ofp_event->TestRLController EventOFPPacketIn
EVENT ofp_event->TestRLController EventOFPPacketIn
EVENT ofp_event->TestRLController EventOFPPacketIn
EVENT ofp_event->TestRLController EventOFPPacketIn
EVENT ofp_event->TestRLController EventOFPPacketIn
EVENT ofp_event->TestRLController EventOFPPacketIn
EVENT ofp_event->TestRLController EventOFPPacketIn
EVENT ofp_event->TestRLController EventOFPPacketIn
EVENT ofp_event->TestRLController EventOFPPacketIn
EVENT ofp_event->TestRLController EventOFPPacketIn
EVENT ofp_event->TestRLController EventOFPPacketIn
EVENT ofp_event->TestRLController EventOFPPacketIn
EVENT ofp_event->TestRLController EventOFPPacketIn
EVENT ofp_event->TestRLController EventOFPPacketIn
EVENT ofp_event->TestRLController EventOFPPacketIn
EVENT ofp_event->TestRLController EventOFPPacketIn
EVENT ofp_event->TestRLController EventOFPPacketIn
EVENT ofp_event->TestRLController EventOFPPacketIn
EVENT ofp_event->TestRLController EventOFPPacketIn
EVENT ofp_event->TestRLController EventOFPPacketIn
EVENT ofp_event->TestRLController EventOFPPacketIn
EVENT ofp_event->TestRLController EventOFPPacketIn
EVENT ofp_event->TestRLController EventOFPPacketIn
EVENT ofp_event->TestRLController EventOFPPacketIn
EVENT ofp_event->TestRLController EventOFPPacketIn
EVENT ofp_event->TestRLController EventOFPPacketIn
EVENT ofp_event->TestRLController EventOFPPacketIn
EVENT ofp_event->TestRLController EventOFPPacketIn
EVENT ofp_event->TestRLController EventOFPPacketIn
EVENT ofp_event->TestRLController EventOFPPacketIn
EVENT ofp_event->TestRLController EventOFPPacketIn
EVENT ofp_event->TestRLController EventOFPPacketIn
EVENT ofp_event->TestRLController EventOFPPacketIn
EVENT ofp_event->TestRLController EventOFPPacketIn
EVENT ofp_event->TestRLController EventOFPPacketIn
EVENT ofp_event->TestRLController EventOFPPacketIn
EVENT ofp_event->TestRLController EventOFPPacketIn
EVENT ofp_event->TestRLController EventOFPPacketIn
EVENT ofp_event->TestRLController EventOFPPacketIn
EVENT ofp_event->TestRLController EventOFPPacketIn
EVENT ofp_event->TestRLController EventOFPPacketIn
EVENT ofp_event->TestRLController EventOFPPacketIn
EVENT ofp_event->TestRLController EventOFPPacketIn
EVENT ofp_event->TestRLController EventOFPPacketIn
EVENT ofp_event->TestRLController EventOFPPacketIn
EVENT ofp_event->TestRLController EventOFPPacketIn
EVENT ofp_event->TestRLController EventOFPPacketIn
EVENT ofp_event->TestRLController EventOFPPacketIn
EVENT ofp_event->TestRLController EventOFPPacketIn
EVENT ofp_event->TestRLController EventOFPPacketIn
EVENT ofp_event->TestRLController EventOFPPacketIn
EVENT ofp_event->TestRLController EventOFPPacketIn
EVENT ofp_event->TestRLController EventOFPPacketIn
EVENT ofp_event->TestRLController EventOFPPacketIn
EVENT ofp_event->TestRLController EventOFPPacketIn
EVENT ofp_event->TestRLController EventOFPPacketIn
EVENT ofp_event->TestRLController EventOFPPacketIn
EVENT ofp_event->TestRLController EventOFPPacketIn
EVENT ofp_event->TestRLController EventOFPPacketIn
EVENT ofp_event->TestRLController EventOFPPacketIn
EVENT ofp_event->TestRLController EventOFPPacketIn
EVENT ofp_event->TestRLController EventOFPPacketIn
EVENT ofp_event->TestRLController EventOFPPacketIn
EVENT ofp_event->TestRLController EventOFPPacketIn
EVENT ofp_event->TestRLController EventOFPPacketIn
EVENT ofp_event->TestRLController EventOFPPacketIn
EVENT ofp_event->TestRLController EventOFPPacketIn
EVENT ofp_event->TestRLController EventOFPPacketIn
EVENT ofp_event->TestRLController EventOFPPacketIn
EVENT ofp_event->TestRLController EventOFPPacketIn
EVENT ofp_event->TestRLController EventOFPPacketIn
EVENT ofp_event->TestRLController EventOFPPacketIn
EVENT ofp_event->TestRLController EventOFPPacketIn
EVENT ofp_event->TestRLController EventOFPPacketIn
EVENT ofp_event->TestRLController EventOFPPacketIn
EVENT ofp_event->TestRLController EventOFPPacketIn
EVENT ofp_event->TestRLController EventOFPPacketIn
EVENT ofp_event->TestRLController EventOFPPacketIn
EVENT ofp_event->TestRLController EventOFPPacketIn
EVENT ofp_event->TestRLController EventOFPPacketIn
EVENT ofp_event->TestRLController EventOFPPacketIn
EVENT ofp_event->TestRLController EventOFPPacketIn
EVENT ofp_event->TestRLController EventOFPPacketIn
EVENT ofp_event->TestRLController EventOFPPacketIn
EVENT ofp_event->TestRLController EventOFPPacketIn
EVENT ofp_event->TestRLController EventOFPPacketIn
EVENT ofp_event->TestRLController EventOFPPacketIn
EVENT ofp_event->TestRLController EventOFPPacketIn
EVENT ofp_event->TestRLController EventOFPPacketIn
EVENT ofp_event->TestRLController EventOFPPacketIn
EVENT ofp_event->TestRLController EventOFPPacketIn
EVENT ofp_event->TestRLController EventOFPPacketIn
EVENT ofp_event->TestRLController EventOFPPacketIn
EVENT ofp_event->TestRLController EventOFPPacketIn
EVENT ofp_event->TestRLController EventOFPPacketIn
EVENT ofp_event->TestRLController EventOFPPacketIn
EVENT ofp_event->TestRLController EventOFPPacketIn
EVENT ofp_event->TestRLController EventOFPPacketIn
EVENT ofp_event->TestRLController EventOFPPacketIn
EVENT ofp_event->TestRLController EventOFPPacketIn
EVENT ofp_event->TestRLController EventOFPPacketIn
EVENT ofp_event->TestRLController EventOFPPacketIn
EVENT ofp_event->TestRLController EventOFPPacketIn
EVENT ofp_event->TestRLController EventOFPPacketIn
EVENT ofp_event->TestRLController EventOFPPacketIn
EVENT ofp_event->TestRLController EventOFPPacketIn
EVENT ofp_event->TestRLController EventOFPPacketIn
EVENT ofp_event->TestRLController EventOFPPacketIn
EVENT ofp_event->TestRLController EventOFPPacketIn
EVENT ofp_event->TestRLController EventOFPPacketIn
EVENT ofp_event->TestRLController EventOFPPacketIn
EVENT ofp_event->TestRLController EventOFPPacketIn
EVENT ofp_event->TestRLController EventOFPPacketIn
EVENT ofp_event->TestRLController EventOFPPacketIn
EVENT ofp_event->TestRLController EventOFPPacketIn
EVENT ofp_event->TestRLController EventOFPPacketIn
EVENT ofp_event->TestRLController EventOFPPacketIn
EVENT ofp_event->TestRLController EventOFPPacketIn
EVENT ofp_event->TestRLController EventOFPPacketIn
EVENT ofp_event->TestRLController EventOFPPacketIn
EVENT ofp_event->TestRLController EventOFPPacketIn
EVENT ofp_event->TestRLController EventOFPPacketIn
EVENT ofp_event->TestRLController EventOFPPacketIn
EVENT ofp_event->TestRLController EventOFPPacketIn
EVENT ofp_event->TestRLController EventOFPPacketIn
EVENT ofp_event->TestRLController EventOFPPacketIn
EVENT ofp_event->TestRLController EventOFPPacketIn
EVENT ofp_event->TestRLController EventOFPPacketIn
EVENT ofp_event->TestRLController EventOFPPacketIn
EVENT ofp_event->TestRLController EventOFPPacketIn
EVENT ofp_event->TestRLController EventOFPPacketIn
EVENT ofp_event->TestRLController EventOFPPacketIn
EVENT ofp_event->TestRLController EventOFPPacketIn
EVENT ofp_event->TestRLController EventOFPPacketIn
EVENT ofp_event->TestRLController EventOFPPacketIn
EVENT ofp_event->TestRLController EventOFPPacketIn
EVENT ofp_event->TestRLController EventOFPPacketIn
EVENT ofp_event->TestRLController EventOFPPacketIn
EVENT ofp_event->TestRLController EventOFPPacketIn
EVENT ofp_event->TestRLController EventOFPPacketIn
EVENT ofp_event->TestRLController EventOFPPacketIn
EVENT ofp_event->TestRLController EventOFPPacketIn
EVENT ofp_event->TestRLController EventOFPPacketIn
EVENT ofp_event->TestRLController EventOFPPacketIn
EVENT ofp_event->TestRLController EventOFPPacketIn
EVENT ofp_event->TestRLController EventOFPPacketIn
EVENT ofp_event->TestRLController EventOFPPacketIn
EVENT ofp_event->TestRLController EventOFPPacketIn
EVENT ofp_event->TestRLController EventOFPPacketIn
EVENT ofp_event->TestRLController EventOFPPacketIn
EVENT ofp_event->TestRLController EventOFPPacketIn
EVENT ofp_event->TestRLController EventOFPPacketIn
EVENT ofp_event->TestRLController EventOFPPacketIn
EVENT ofp_event->TestRLController EventOFPPacketIn
EVENT ofp_event->TestRLController EventOFPPacketIn
EVENT ofp_event->TestRLController EventOFPPacketIn
EVENT ofp_event->TestRLController EventOFPPacketIn
EVENT ofp_event->TestRLController EventOFPPacketIn
EVENT ofp_event->TestRLController EventOFPPacketIn
EVENT ofp_event->TestRLController EventOFPPacketIn
EVENT ofp_event->TestRLController EventOFPPacketIn
EVENT ofp_event->TestRLController EventOFPPacketIn
EVENT ofp_event->TestRLController EventOFPPacketIn
EVENT ofp_event->TestRLController EventOFPPacketIn
EVENT ofp_event->TestRLController EventOFPPacketIn
EVENT ofp_event->TestRLController EventOFPPacketIn
EVENT ofp_event->TestRLController EventOFPPacketIn
EVENT ofp_event->TestRLController EventOFPPacketIn
EVENT ofp_event->TestRLController EventOFPPacketIn
EVENT ofp_event->TestRLController EventOFPPacketIn
EVENT ofp_event->TestRLController EventOFPPacketIn
EVENT ofp_event->TestRLController EventOFPPacketIn
EVENT ofp_event->TestRLController EventOFPPacketIn
EVENT ofp_event->TestRLController EventOFPPacketIn
EVENT ofp_event->TestRLController EventOFPPacketIn
EVENT ofp_event->TestRLController EventOFPPacketIn
EVENT ofp_event->TestRLController EventOFPPacketIn
EVENT ofp_event->TestRLController EventOFPPacketIn
EVENT ofp_event->TestRLController EventOFPPacketIn
EVENT ofp_event->TestRLController EventOFPPacketIn
EVENT ofp_event->TestRLController EventOFPPacketIn
EVENT ofp_event->TestRLController EventOFPPacketIn
EVENT ofp_event->TestRLController EventOFPPacketIn
EVENT ofp_event->TestRLController EventOFPPacketIn
EVENT ofp_event->TestRLController EventOFPPacketIn
EVENT ofp_event->TestRLController EventOFPPacketIn
EVENT ofp_event->TestRLController EventOFPPacketIn
EVENT ofp_event->TestRLController EventOFPPacketIn
EVENT ofp_event->TestRLController EventOFPPacketIn
EVENT ofp_event->TestRLController EventOFPPacketIn
EVENT ofp_event->TestRLController EventOFPPacketIn
EVENT ofp_event->TestRLController EventOFPPacketIn
EVENT ofp_event->TestRLController EventOFPPacketIn
EVENT ofp_event->TestRLController EventOFPPacketIn
EVENT ofp_event->TestRLController EventOFPPacketIn
EVENT ofp_event->TestRLController EventOFPPacketIn
EVENT ofp_event->TestRLController EventOFPPacketIn
EVENT ofp_event->TestRLController EventOFPPacketIn
EVENT ofp_event->TestRLController EventOFPPacketIn
EVENT ofp_event->TestRLController EventOFPPacketIn
EVENT ofp_event->TestRLController EventOFPPacketIn
EVENT ofp_event->TestRLController EventOFPPacketIn
EVENT ofp_event->TestRLController EventOFPPacketIn
EVENT ofp_event->TestRLController EventOFPPacketIn
EVENT ofp_event->TestRLController EventOFPPacketIn
EVENT ofp_event->TestRLController EventOFPPacketIn
EVENT ofp_event->TestRLController EventOFPPacketIn
EVENT ofp_event->TestRLController EventOFPPacketIn
EVENT ofp_event->TestRLController EventOFPPacketIn
EVENT ofp_event->TestRLController EventOFPPacketIn
EVENT ofp_event->TestRLController EventOFPPacketIn
EVENT ofp_event->TestRLController EventOFPPacketIn
EVENT ofp_event->TestRLController EventOFPPacketIn
EVENT ofp_event->TestRLController EventOFPPacketIn
EVENT ofp_event->TestRLController EventOFPPacketIn
EVENT ofp_event->TestRLController EventOFPPacketIn
EVENT ofp_event->TestRLController EventOFPPacketIn
EVENT ofp_event->TestRLController EventOFPPacketIn
EVENT ofp_event->TestRLController EventOFPPacketIn
EVENT ofp_event->TestRLController EventOFPPacketIn
EVENT ofp_event->TestRLController EventOFPPacketIn
EVENT ofp_event->TestRLController EventOFPPacketIn
EVENT ofp_event->TestRLController EventOFPPacketIn
EVENT ofp_event->TestRLController EventOFPPacketIn
EVENT ofp_event->TestRLController EventOFPPacketIn
EVENT ofp_event->TestRLController EventOFPPacketIn
EVENT ofp_event->TestRLController EventOFPPacketIn
EVENT ofp_event->TestRLController EventOFPPacketIn
EVENT ofp_event->TestRLController EventOFPPacketIn
EVENT ofp_event->TestRLController EventOFPPacketIn
EVENT ofp_event->TestRLController EventOFPPacketIn
EVENT ofp_event->TestRLController EventOFPPacketIn
EVENT ofp_event->TestRLController EventOFPPacketIn
EVENT ofp_event->TestRLController EventOFPPacketIn
EVENT ofp_event->TestRLController EventOFPPacketIn
EVENT ofp_event->TestRLController EventOFPPacketIn
EVENT ofp_event->TestRLController EventOFPPacketIn
EVENT ofp_event->TestRLController EventOFPPacketIn
EVENT ofp_event->TestRLController EventOFPPacketIn
EVENT ofp_event->TestRLController EventOFPPacketIn
EVENT ofp_event->TestRLController EventOFPPacketIn
EVENT ofp_event->TestRLController EventOFPPacketIn
EVENT ofp_event->TestRLController EventOFPPacketIn
EVENT ofp_event->TestRLController EventOFPPacketIn
EVENT ofp_event->TestRLController EventOFPPacketIn
EVENT ofp_event->TestRLController EventOFPPacketIn
EVENT ofp_event->TestRLController EventOFPPacketIn
EVENT ofp_event->TestRLController EventOFPPacketIn
EVENT ofp_event->TestRLController EventOFPPacketIn
EVENT ofp_event->TestRLController EventOFPPacketIn
EVENT ofp_event->TestRLController EventOFPPacketIn
EVENT ofp_event->TestRLController EventOFPPacketIn
EVENT ofp_event->TestRLController EventOFPPacketIn
EVENT ofp_event->TestRLController EventOFPPacketIn
EVENT ofp_event->TestRLController EventOFPPacketIn
EVENT ofp_event->TestRLController EventOFPPacketIn
EVENT ofp_event->TestRLController EventOFPPacketIn
EVENT ofp_event->TestRLController EventOFPPacketIn
EVENT ofp_event->TestRLController EventOFPPacketIn
EVENT ofp_event->TestRLController EventOFPPacketIn
